actionid: py27
msg: installpkg
cmdargs: "'/home/akash/Work_back/Project/Open source/json_justify/.tox/py27/bin/python' -m pip install --exists-action w '/home/akash/Work_back/Project/Open source/json_justify/.tox/dist/justify-0.1.zip'"

Processing ./.tox/dist/justify-0.1.zip
Collecting flask (from justify==0.1)
  Using cached https://files.pythonhosted.org/packages/7f/e7/08578774ed4536d3242b14dacb4696386634607af824ea997202cd0edb4b/Flask-1.0.2-py2.py3-none-any.whl
Collecting werkzeug (from justify==0.1)
  Using cached https://files.pythonhosted.org/packages/20/c4/12e3e56473e52375aa29c4764e70d1b8f3efa6682bef8d0aae04fe335243/Werkzeug-0.14.1-py2.py3-none-any.whl
Collecting itsdangerous (from justify==0.1)
Collecting Jinja2>=2.10 (from flask->justify==0.1)
  Using cached https://files.pythonhosted.org/packages/7f/ff/ae64bacdfc95f27a016a7bed8e8686763ba4d277a78ca76f32659220a731/Jinja2-2.10-py2.py3-none-any.whl
Collecting click>=5.1 (from flask->justify==0.1)
  Using cached https://files.pythonhosted.org/packages/fa/37/45185cb5abbc30d7257104c434fe0b07e5a195a6847506c074527aa599ec/Click-7.0-py2.py3-none-any.whl
Collecting MarkupSafe>=0.23 (from Jinja2>=2.10->flask->justify==0.1)
Building wheels for collected packages: justify
  Running setup.py bdist_wheel for justify: started
  Running setup.py bdist_wheel for justify: finished with status 'done'
  Stored in directory: /home/akash/.cache/pip/wheels/e6/fe/72/0d61be9e415044114366217ce41071dffb79306fd69c31d2f0
Successfully built justify
Installing collected packages: MarkupSafe, Jinja2, itsdangerous, werkzeug, click, flask, justify
  Found existing installation: justify 0.1
    Not uninstalling justify at /home/akash/Work_back/Project/Open source/json_justify, outside environment /home/akash/Work_back/Project/Open source/json_justify/.tox/py27
    Can't uninstall 'justify'. No files were found to uninstall.
Successfully installed Jinja2-2.10 MarkupSafe-1.0 click-7.0 flask-1.0.2 itsdangerous-0.24 justify-0.1 werkzeug-0.14.1
